Using pre-set license
Built from '2021.3/staging' branch; Version is '2021.3.21f1 (1b156197d683) revision 1774945'; Using compiler version '192829333'; Build Type 'Release'
OS: 'Windows 11  (10.0.22621) 64bit Professional' Language: 'en' Physical Memory: 32671 MB
BatchMode: 1, IsHumanControllingUs: 0, StartBugReporterOnCrash: 0, Is64bit: 1, IsPro: 1

COMMAND LINE ARGUMENTS:
C:\Program Files\Unity\Hub\Editor\2021.3.21f1\Editor\Unity.exe
-adb2
-batchMode
-noUpm
-name
AssetImportWorker0
-projectPath
C:/UnityGames/GitControlled/GameProjectL4/Level4GameProject
-logFile
Logs/AssetImportWorker0.log
-srvPort
59148
Successfully changed project path to: C:/UnityGames/GitControlled/GameProjectL4/Level4GameProject
C:/UnityGames/GitControlled/GameProjectL4/Level4GameProject
[UnityMemory] Configuration Parameters - Can be set up in boot.config
    "memorysetup-bucket-allocator-granularity=16"
    "memorysetup-bucket-allocator-bucket-count=8"
    "memorysetup-bucket-allocator-block-size=33554432"
    "memorysetup-bucket-allocator-block-count=8"
    "memorysetup-main-allocator-block-size=16777216"
    "memorysetup-thread-allocator-block-size=16777216"
    "memorysetup-gfx-main-allocator-block-size=16777216"
    "memorysetup-gfx-thread-allocator-block-size=16777216"
    "memorysetup-cache-allocator-block-size=4194304"
    "memorysetup-typetree-allocator-block-size=2097152"
    "memorysetup-profiler-bucket-allocator-granularity=16"
    "memorysetup-profiler-bucket-allocator-bucket-count=8"
    "memorysetup-profiler-bucket-allocator-block-size=33554432"
    "memorysetup-profiler-bucket-allocator-block-count=8"
    "memorysetup-profiler-allocator-block-size=16777216"
    "memorysetup-profiler-editor-allocator-block-size=1048576"
    "memorysetup-temp-allocator-size-main=16777216"
    "memorysetup-job-temp-allocator-block-size=2097152"
    "memorysetup-job-temp-allocator-block-size-background=1048576"
    "memorysetup-job-temp-allocator-reduction-small-platforms=262144"
    "memorysetup-temp-allocator-size-background-worker=32768"
    "memorysetup-temp-allocator-size-job-worker=262144"
    "memorysetup-temp-allocator-size-preload-manager=33554432"
    "memorysetup-temp-allocator-size-nav-mesh-worker=65536"
    "memorysetup-temp-allocator-size-audio-worker=65536"
    "memorysetup-temp-allocator-size-cloud-worker=32768"
    "memorysetup-temp-allocator-size-gi-baking-worker=262144"
    "memorysetup-temp-allocator-size-gfx=262144"
Player connection [27468] Host "[IP] 10.67.198.181 [Port] 0 [Flags] 2 [Guid] 2546371027 [EditorId] 2546371027 [Version] 1048832 [Id] WindowsEditor(7,Robbie) [Debug] 1 [PackageName] WindowsEditor [ProjectName] Editor" joined multi-casting on [225.0.0.222:54997]...

Player connection [27468] Host "[IP] 10.67.198.181 [Port] 0 [Flags] 2 [Guid] 2546371027 [EditorId] 2546371027 [Version] 1048832 [Id] WindowsEditor(7,Robbie) [Debug] 1 [PackageName] WindowsEditor [ProjectName] Editor" joined alternative multi-casting on [225.0.0.222:34997]...

Refreshing native plugins compatible for Editor in 82.74 ms, found 4 plugins.
Preloading 0 native plugins for Editor in 0.00 ms.
Initialize engine version: 2021.3.21f1 (1b156197d683)
[Subsystems] Discovering subsystems at path C:/Program Files/Unity/Hub/Editor/2021.3.21f1/Editor/Data/Resources/UnitySubsystems
[Subsystems] Discovering subsystems at path C:/UnityGames/GitControlled/GameProjectL4/Level4GameProject/Assets
GfxDevice: creating device client; threaded=0; jobified=0
Direct3D:
    Version:  Direct3D 11.0 [level 11.1]
    Renderer: NVIDIA GeForce RTX 2070 (ID=0x1f02)
    Vendor:   NVIDIA
    VRAM:     8019 MB
    Driver:   31.0.15.3141
Initialize mono
Mono path[0] = 'C:/Program Files/Unity/Hub/Editor/2021.3.21f1/Editor/Data/Managed'
Mono path[1] = 'C:/Program Files/Unity/Hub/Editor/2021.3.21f1/Editor/Data/MonoBleedingEdge/lib/mono/unityjit-win32'
Mono config path = 'C:/Program Files/Unity/Hub/Editor/2021.3.21f1/Editor/Data/MonoBleedingEdge/etc'
Using monoOptions --debugger-agent=transport=dt_socket,embedding=1,server=y,suspend=n,address=127.0.0.1:56912
Begin MonoManager ReloadAssembly
Registering precompiled unity dll's ...
Register platform support module: C:/Program Files/Unity/Hub/Editor/2021.3.21f1/Editor/Data/PlaybackEngines/WindowsStandaloneSupport/UnityEditor.WindowsStandalone.Extensions.dll
Registered in 0.004018 seconds.
Native extension for WindowsStandalone target not found
Refreshing native plugins compatible for Editor in 78.14 ms, found 4 plugins.
Preloading 0 native plugins for Editor in 0.00 ms.
Mono: successfully reloaded assembly
- Completed reload, in  0.481 seconds
Domain Reload Profiling:
	ReloadAssembly (481ms)
		BeginReloadAssembly (61ms)
			ExecutionOrderSort (0ms)
			DisableScriptedObjects (0ms)
			BackupInstance (0ms)
			ReleaseScriptingObjects (0ms)
			CreateAndSetChildDomain (1ms)
		EndReloadAssembly (350ms)
			LoadAssemblies (59ms)
			RebuildTransferFunctionScriptingTraits (0ms)
			SetupTypeCache (68ms)
			ReleaseScriptCaches (0ms)
			RebuildScriptCaches (18ms)
			SetupLoadedEditorAssemblies (227ms)
				LogAssemblyErrors (0ms)
				InitializePlatformSupportModulesInManaged (6ms)
				SetLoadedEditorAssemblies (0ms)
				RefreshPlugins (78ms)
				BeforeProcessingInitializeOnLoad (1ms)
				ProcessInitializeOnLoadAttributes (105ms)
				ProcessInitializeOnLoadMethodAttributes (37ms)
				AfterProcessingInitializeOnLoad (0ms)
				EditorAssembliesLoaded (0ms)
			ExecutionOrderSort2 (0ms)
			AwakeInstancesAfterBackupRestoration (0ms)
Platform modules already initialized, skipping
Registering precompiled user dll's ...
Registered in 0.005888 seconds.
Begin MonoManager ReloadAssembly
Symbol file LoadedFromMemory doesn't match image C:\UnityGames\GitControlled\GameProjectL4\Level4GameProject\Library\PackageCache\com.unity.visualscripting@1.8.0\Editor\VisualScripting.Core\Dependencies\YamlDotNet\Unity.VisualScripting.YamlDotNet.dll
Symbol file LoadedFromMemory doesn't match image C:\UnityGames\GitControlled\GameProjectL4\Level4GameProject\Library\PackageCache\com.unity.visualscripting@1.8.0\Editor\VisualScripting.Core\Dependencies\DotNetZip\Unity.VisualScripting.IonicZip.dll
Native extension for WindowsStandalone target not found
Refreshing native plugins compatible for Editor in 79.53 ms, found 4 plugins.
Preloading 0 native plugins for Editor in 0.00 ms.
Mono: successfully reloaded assembly
- Completed reload, in  0.891 seconds
Domain Reload Profiling:
	ReloadAssembly (891ms)
		BeginReloadAssembly (88ms)
			ExecutionOrderSort (0ms)
			DisableScriptedObjects (5ms)
			BackupInstance (0ms)
			ReleaseScriptingObjects (0ms)
			CreateAndSetChildDomain (15ms)
		EndReloadAssembly (727ms)
			LoadAssemblies (71ms)
			RebuildTransferFunctionScriptingTraits (0ms)
			SetupTypeCache (177ms)
			ReleaseScriptCaches (1ms)
			RebuildScriptCaches (42ms)
			SetupLoadedEditorAssemblies (413ms)
				LogAssemblyErrors (0ms)
				InitializePlatformSupportModulesInManaged (3ms)
				SetLoadedEditorAssemblies (0ms)
				RefreshPlugins (80ms)
				BeforeProcessingInitializeOnLoad (87ms)
				ProcessInitializeOnLoadAttributes (174ms)
				ProcessInitializeOnLoadMethodAttributes (64ms)
				AfterProcessingInitializeOnLoad (5ms)
				EditorAssembliesLoaded (0ms)
			ExecutionOrderSort2 (0ms)
			AwakeInstancesAfterBackupRestoration (5ms)
Platform modules already initialized, skipping
========================================================================
Worker process is ready to serve import requests
Launched and connected shader compiler UnityShaderCompiler.exe after 0.03 seconds
Refreshing native plugins compatible for Editor in 0.79 ms, found 4 plugins.
Preloading 0 native plugins for Editor in 0.00 ms.
Unloading 5227 Unused Serialized files (Serialized files now loaded: 0)
Unloading 54 unused Assets / (1.2 MB). Loaded Objects now: 5667.
Memory consumption went from 208.7 MB to 207.5 MB.
Total: 3.437200 ms (FindLiveObjects: 0.320100 ms CreateObjectMapping: 0.233500 ms MarkObjects: 2.491000 ms  DeleteObjects: 0.391800 ms)

AssetImportParameters requested are different than current active one (requested -> active):
  custom:video-decoder-ogg-theora: a1e56fd34408186e4bbccfd4996cb3dc -> 
  custom:container-muxer-webm: aa71ff27fc2769a1b78a27578f13a17b -> 
  custom:container-demuxer-webm: 4f35f7cbe854078d1ac9338744f61a02 -> 
  custom:video-encoder-webm-vp8: eb34c28f22e8b96e1ab97ce403110664 -> 
  custom:audio-encoder-webm-vorbis: bf7c407c2cedff20999df2af8eb42d56 -> 
  custom:framework-win-MediaFoundation: 216162199b28c13a410421893ffa2e32 -> 
  custom:container-demuxer-ogg: 62fdf1f143b41e24485cea50d1cbac27 -> 
  custom:video-decoder-webm-vp8: 9c59270c3fd7afecdb556c50c9e8de78 -> 
  custom:audio-decoder-ogg-vorbis: bf7c407c2cedff20999df2af8eb42d56 -> 
========================================================================
Received Import Request.
  Time since last request: 53502.485358 seconds.
  path: Assets/Sprites/miner cruise.png
  artifactKey: Guid(8f0ddeca6885b5e409ec959181f9ce2b) Importer(815301076,1909f56bfc062723c751e8b465ee728b)
Start importing Assets/Sprites/miner cruise.png using Guid(8f0ddeca6885b5e409ec959181f9ce2b) Importer(815301076,1909f56bfc062723c751e8b465ee728b)  -> (artifact id: '79324a5a60caea2766bead96802f1d5b') in 0.239673 seconds 
========================================================================
Received Import Request.
  Time since last request: 3.186494 seconds.
  path: Assets/Sprites/player_miner.png
  artifactKey: Guid(8f0ddeca6885b5e409ec959181f9ce2b) Importer(815301076,1909f56bfc062723c751e8b465ee728b)
Start importing Assets/Sprites/player_miner.png using Guid(8f0ddeca6885b5e409ec959181f9ce2b) Importer(815301076,1909f56bfc062723c751e8b465ee728b)  -> (artifact id: 'e622d4d8423f8e8a14d3f832c48ad99d') in 0.134587 seconds 
========================================================================
Received Import Request.
  Time since last request: 17.641872 seconds.
  path: Assets/Sprites/player_miner.png
  artifactKey: Guid(8f0ddeca6885b5e409ec959181f9ce2b) Importer(815301076,1909f56bfc062723c751e8b465ee728b)
Start importing Assets/Sprites/player_miner.png using Guid(8f0ddeca6885b5e409ec959181f9ce2b) Importer(815301076,1909f56bfc062723c751e8b465ee728b)  -> (artifact id: 'bd2217e70cbb581b8af49d630eb3fe75') in 0.009243 seconds 
========================================================================
Received Import Request.
  Time since last request: 27.105278 seconds.
  path: Assets/Sprites/player_miner.png
  artifactKey: Guid(8f0ddeca6885b5e409ec959181f9ce2b) Importer(815301076,1909f56bfc062723c751e8b465ee728b)
Start importing Assets/Sprites/player_miner.png using Guid(8f0ddeca6885b5e409ec959181f9ce2b) Importer(815301076,1909f56bfc062723c751e8b465ee728b)  -> (artifact id: 'd0a114f37d62dfc97dfb81fafe9129ba') in 0.080614 seconds 
========================================================================
Received Import Request.
  Time since last request: 21.828188 seconds.
  path: Assets/Sprites/player_miner.png
  artifactKey: Guid(8f0ddeca6885b5e409ec959181f9ce2b) Importer(815301076,1909f56bfc062723c751e8b465ee728b)
Start importing Assets/Sprites/player_miner.png using Guid(8f0ddeca6885b5e409ec959181f9ce2b) Importer(815301076,1909f56bfc062723c751e8b465ee728b)  -> (artifact id: '582364071f6d34aa4878c3b68f918f5b') in 0.078635 seconds 
========================================================================
Received Import Request.
  Time since last request: 2.775394 seconds.
  path: Assets/Sprites/player_miner.png
  artifactKey: Guid(8f0ddeca6885b5e409ec959181f9ce2b) Importer(815301076,1909f56bfc062723c751e8b465ee728b)
Start importing Assets/Sprites/player_miner.png using Guid(8f0ddeca6885b5e409ec959181f9ce2b) Importer(815301076,1909f56bfc062723c751e8b465ee728b)  -> (artifact id: 'cfcfa7d6254ccd6baa09c7d62c083dc7') in 0.078854 seconds 
========================================================================
Received Import Request.
  Time since last request: 3.625532 seconds.
  path: Assets/Sprites/player_miner.png
  artifactKey: Guid(8f0ddeca6885b5e409ec959181f9ce2b) Importer(815301076,1909f56bfc062723c751e8b465ee728b)
Start importing Assets/Sprites/player_miner.png using Guid(8f0ddeca6885b5e409ec959181f9ce2b) Importer(815301076,1909f56bfc062723c751e8b465ee728b)  -> (artifact id: '189ce7f83ba8609b22ba9a6a72b5890e') in 0.077457 seconds 
========================================================================
Received Import Request.
  Time since last request: 6.403629 seconds.
  path: Assets/Sprites/player_miner.png
  artifactKey: Guid(8f0ddeca6885b5e409ec959181f9ce2b) Importer(815301076,1909f56bfc062723c751e8b465ee728b)
Start importing Assets/Sprites/player_miner.png using Guid(8f0ddeca6885b5e409ec959181f9ce2b) Importer(815301076,1909f56bfc062723c751e8b465ee728b)  -> (artifact id: '4bf6babab9bb83b80adf9d451390b78e') in 0.075306 seconds 
========================================================================
Received Import Request.
  Time since last request: 7.457343 seconds.
  path: Assets/Sprites/player_miner.png
  artifactKey: Guid(8f0ddeca6885b5e409ec959181f9ce2b) Importer(815301076,1909f56bfc062723c751e8b465ee728b)
Start importing Assets/Sprites/player_miner.png using Guid(8f0ddeca6885b5e409ec959181f9ce2b) Importer(815301076,1909f56bfc062723c751e8b465ee728b)  -> (artifact id: 'fd73c541492741578733453d8478eb80') in 0.077305 seconds 
========================================================================
Received Import Request.
  Time since last request: 7.446695 seconds.
  path: Assets/Sprites/player_miner.png
  artifactKey: Guid(8f0ddeca6885b5e409ec959181f9ce2b) Importer(815301076,1909f56bfc062723c751e8b465ee728b)
Start importing Assets/Sprites/player_miner.png using Guid(8f0ddeca6885b5e409ec959181f9ce2b) Importer(815301076,1909f56bfc062723c751e8b465ee728b)  -> (artifact id: 'a9a8cc11f22b59937275cb214481011c') in 0.076911 seconds 
========================================================================
Received Import Request.
  Time since last request: 4.032015 seconds.
  path: Assets/Sprites/player_miner.png
  artifactKey: Guid(8f0ddeca6885b5e409ec959181f9ce2b) Importer(815301076,1909f56bfc062723c751e8b465ee728b)
Start importing Assets/Sprites/player_miner.png using Guid(8f0ddeca6885b5e409ec959181f9ce2b) Importer(815301076,1909f56bfc062723c751e8b465ee728b)  -> (artifact id: 'cb4ede0a52e395d4a3a112fa3b36c220') in 0.074302 seconds 
========================================================================
Received Import Request.
  Time since last request: 7.344140 seconds.
  path: Assets/Sprites/player_miner.png
  artifactKey: Guid(8f0ddeca6885b5e409ec959181f9ce2b) Importer(815301076,1909f56bfc062723c751e8b465ee728b)
Start importing Assets/Sprites/player_miner.png using Guid(8f0ddeca6885b5e409ec959181f9ce2b) Importer(815301076,1909f56bfc062723c751e8b465ee728b)  -> (artifact id: '9f15de9a5f330ecad1659ce035e00d31') in 0.074900 seconds 
========================================================================
Received Import Request.
  Time since last request: 11.813649 seconds.
  path: Assets/Sprites/player_miner.png
  artifactKey: Guid(8f0ddeca6885b5e409ec959181f9ce2b) Importer(815301076,1909f56bfc062723c751e8b465ee728b)
Start importing Assets/Sprites/player_miner.png using Guid(8f0ddeca6885b5e409ec959181f9ce2b) Importer(815301076,1909f56bfc062723c751e8b465ee728b)  -> (artifact id: 'b17aa5de4aff7c1dc63f6714e4f8108c') in 0.076726 seconds 
========================================================================
Received Import Request.
  Time since last request: 137.713888 seconds.
  path: Assets/Sprites/player_miner.png
  artifactKey: Guid(8f0ddeca6885b5e409ec959181f9ce2b) Importer(815301076,1909f56bfc062723c751e8b465ee728b)
Start importing Assets/Sprites/player_miner.png using Guid(8f0ddeca6885b5e409ec959181f9ce2b) Importer(815301076,1909f56bfc062723c751e8b465ee728b)  -> (artifact id: '73eb7aa26559928b232c7ef35c72e10a') in 0.081060 seconds 
========================================================================
Received Prepare
Registering precompiled user dll's ...
Registered in 0.005812 seconds.
Begin MonoManager ReloadAssembly
Symbol file LoadedFromMemory doesn't match image C:\UnityGames\GitControlled\GameProjectL4\Level4GameProject\Library\PackageCache\com.unity.visualscripting@1.8.0\Editor\VisualScripting.Core\Dependencies\YamlDotNet\Unity.VisualScripting.YamlDotNet.dll
Symbol file LoadedFromMemory doesn't match image C:\UnityGames\GitControlled\GameProjectL4\Level4GameProject\Library\PackageCache\com.unity.visualscripting@1.8.0\Editor\VisualScripting.Core\Dependencies\DotNetZip\Unity.VisualScripting.IonicZip.dll
Native extension for WindowsStandalone target not found
Refreshing native plugins compatible for Editor in 0.85 ms, found 4 plugins.
Preloading 0 native plugins for Editor in 0.00 ms.
Mono: successfully reloaded assembly
- Completed reload, in  0.814 seconds
Domain Reload Profiling:
	ReloadAssembly (815ms)
		BeginReloadAssembly (109ms)
			ExecutionOrderSort (0ms)
			DisableScriptedObjects (6ms)
			BackupInstance (0ms)
			ReleaseScriptingObjects (0ms)
			CreateAndSetChildDomain (31ms)
		EndReloadAssembly (636ms)
			LoadAssemblies (69ms)
			RebuildTransferFunctionScriptingTraits (0ms)
			SetupTypeCache (177ms)
			ReleaseScriptCaches (2ms)
			RebuildScriptCaches (37ms)
			SetupLoadedEditorAssemblies (316ms)
				LogAssemblyErrors (0ms)
				InitializePlatformSupportModulesInManaged (4ms)
				SetLoadedEditorAssemblies (0ms)
				RefreshPlugins (1ms)
				BeforeProcessingInitializeOnLoad (66ms)
				ProcessInitializeOnLoadAttributes (175ms)
				ProcessInitializeOnLoadMethodAttributes (64ms)
				AfterProcessingInitializeOnLoad (5ms)
				EditorAssembliesLoaded (0ms)
			ExecutionOrderSort2 (0ms)
			AwakeInstancesAfterBackupRestoration (8ms)
Platform modules already initialized, skipping
Refreshing native plugins compatible for Editor in 2.78 ms, found 4 plugins.
Preloading 0 native plugins for Editor in 0.00 ms.
Unloading 5097 Unused Serialized files (Serialized files now loaded: 0)
Unloading 42 unused Assets / (1.2 MB). Loaded Objects now: 5679.
Memory consumption went from 203.1 MB to 201.9 MB.
Total: 3.495200 ms (FindLiveObjects: 0.350000 ms CreateObjectMapping: 0.150600 ms MarkObjects: 2.592300 ms  DeleteObjects: 0.401600 ms)

AssetImportParameters requested are different than current active one (requested -> active):
  custom:video-decoder-ogg-theora: a1e56fd34408186e4bbccfd4996cb3dc -> 
  custom:container-muxer-webm: aa71ff27fc2769a1b78a27578f13a17b -> 
  custom:container-demuxer-webm: 4f35f7cbe854078d1ac9338744f61a02 -> 
  custom:video-encoder-webm-vp8: eb34c28f22e8b96e1ab97ce403110664 -> 
  custom:audio-encoder-webm-vorbis: bf7c407c2cedff20999df2af8eb42d56 -> 
  custom:framework-win-MediaFoundation: 216162199b28c13a410421893ffa2e32 -> 
  custom:container-demuxer-ogg: 62fdf1f143b41e24485cea50d1cbac27 -> 
  custom:video-decoder-webm-vp8: 9c59270c3fd7afecdb556c50c9e8de78 -> 
  custom:audio-decoder-ogg-vorbis: bf7c407c2cedff20999df2af8eb42d56 -> 
========================================================================
Received Import Request.
  Time since last request: 87.351523 seconds.
  path: Assets/Sprites/asset_sheet1.png
  artifactKey: Guid(32727b39de50f2e428ebd3f105cfd409) Importer(815301076,1909f56bfc062723c751e8b465ee728b)
Start importing Assets/Sprites/asset_sheet1.png using Guid(32727b39de50f2e428ebd3f105cfd409) Importer(815301076,1909f56bfc062723c751e8b465ee728b)  -> (artifact id: 'aad2260bcfbb263e191e605902dfa200') in 0.060551 seconds 
========================================================================
Received Import Request.
  Time since last request: 9.745605 seconds.
  path: Assets/Sprites/asset_sheet1.png
  artifactKey: Guid(32727b39de50f2e428ebd3f105cfd409) Importer(815301076,1909f56bfc062723c751e8b465ee728b)
Start importing Assets/Sprites/asset_sheet1.png using Guid(32727b39de50f2e428ebd3f105cfd409) Importer(815301076,1909f56bfc062723c751e8b465ee728b)  -> (artifact id: 'ca6f48a7a089f795e3e23aef27a20c8a') in 0.008738 seconds 
========================================================================
Received Import Request.
  Time since last request: 227.961485 seconds.
  path: Assets/Sprites/asset_sheet1.png
  artifactKey: Guid(32727b39de50f2e428ebd3f105cfd409) Importer(815301076,1909f56bfc062723c751e8b465ee728b)
Start importing Assets/Sprites/asset_sheet1.png using Guid(32727b39de50f2e428ebd3f105cfd409) Importer(815301076,1909f56bfc062723c751e8b465ee728b)  -> (artifact id: 'adc2fe33e4650f0d52561a8e5b25a57a') in 0.096552 seconds 
========================================================================
Received Import Request.
  Time since last request: 122.205994 seconds.
  path: Assets/Sprites/asset_sheet1.png
  artifactKey: Guid(32727b39de50f2e428ebd3f105cfd409) Importer(815301076,1909f56bfc062723c751e8b465ee728b)
Start importing Assets/Sprites/asset_sheet1.png using Guid(32727b39de50f2e428ebd3f105cfd409) Importer(815301076,1909f56bfc062723c751e8b465ee728b)  -> (artifact id: 'a478da92bdfd3ed4a79068bb32a4211c') in 0.090199 seconds 
========================================================================
Received Import Request.
  Time since last request: 12.734929 seconds.
  path: Assets/Sprites/player_miner.png
  artifactKey: Guid(8f0ddeca6885b5e409ec959181f9ce2b) Importer(815301076,1909f56bfc062723c751e8b465ee728b)
Start importing Assets/Sprites/player_miner.png using Guid(8f0ddeca6885b5e409ec959181f9ce2b) Importer(815301076,1909f56bfc062723c751e8b465ee728b)  -> (artifact id: '1f5495f374deb60b7cb8ce08d3cf240f') in 0.078402 seconds 
========================================================================
Received Prepare
Registering precompiled user dll's ...
Registered in 0.005843 seconds.
Begin MonoManager ReloadAssembly
Symbol file LoadedFromMemory doesn't match image C:\UnityGames\GitControlled\GameProjectL4\Level4GameProject\Library\PackageCache\com.unity.visualscripting@1.8.0\Editor\VisualScripting.Core\Dependencies\YamlDotNet\Unity.VisualScripting.YamlDotNet.dll
Symbol file LoadedFromMemory doesn't match image C:\UnityGames\GitControlled\GameProjectL4\Level4GameProject\Library\PackageCache\com.unity.visualscripting@1.8.0\Editor\VisualScripting.Core\Dependencies\DotNetZip\Unity.VisualScripting.IonicZip.dll
Native extension for WindowsStandalone target not found
Refreshing native plugins compatible for Editor in 0.72 ms, found 4 plugins.
Preloading 0 native plugins for Editor in 0.00 ms.
Mono: successfully reloaded assembly
- Completed reload, in  0.825 seconds
Domain Reload Profiling:
	ReloadAssembly (826ms)
		BeginReloadAssembly (112ms)
			ExecutionOrderSort (0ms)
			DisableScriptedObjects (5ms)
			BackupInstance (0ms)
			ReleaseScriptingObjects (0ms)
			CreateAndSetChildDomain (31ms)
		EndReloadAssembly (646ms)
			LoadAssemblies (76ms)
			RebuildTransferFunctionScriptingTraits (0ms)
			SetupTypeCache (183ms)
			ReleaseScriptCaches (2ms)
			RebuildScriptCaches (36ms)
			SetupLoadedEditorAssemblies (317ms)
				LogAssemblyErrors (0ms)
				InitializePlatformSupportModulesInManaged (4ms)
				SetLoadedEditorAssemblies (0ms)
				RefreshPlugins (1ms)
				BeforeProcessingInitializeOnLoad (65ms)
				ProcessInitializeOnLoadAttributes (173ms)
				ProcessInitializeOnLoadMethodAttributes (67ms)
				AfterProcessingInitializeOnLoad (6ms)
				EditorAssembliesLoaded (0ms)
			ExecutionOrderSort2 (0ms)
			AwakeInstancesAfterBackupRestoration (9ms)
Platform modules already initialized, skipping
Refreshing native plugins compatible for Editor in 2.07 ms, found 4 plugins.
Preloading 0 native plugins for Editor in 0.00 ms.
Unloading 5097 Unused Serialized files (Serialized files now loaded: 0)
Unloading 42 unused Assets / (1.2 MB). Loaded Objects now: 5686.
Memory consumption went from 203.2 MB to 202.0 MB.
Total: 3.100600 ms (FindLiveObjects: 0.284700 ms CreateObjectMapping: 0.107800 ms MarkObjects: 2.310900 ms  DeleteObjects: 0.396500 ms)

AssetImportParameters requested are different than current active one (requested -> active):
  custom:video-decoder-ogg-theora: a1e56fd34408186e4bbccfd4996cb3dc -> 
  custom:container-muxer-webm: aa71ff27fc2769a1b78a27578f13a17b -> 
  custom:container-demuxer-webm: 4f35f7cbe854078d1ac9338744f61a02 -> 
  custom:video-encoder-webm-vp8: eb34c28f22e8b96e1ab97ce403110664 -> 
  custom:audio-encoder-webm-vorbis: bf7c407c2cedff20999df2af8eb42d56 -> 
  custom:framework-win-MediaFoundation: 216162199b28c13a410421893ffa2e32 -> 
  custom:container-demuxer-ogg: 62fdf1f143b41e24485cea50d1cbac27 -> 
  custom:video-decoder-webm-vp8: 9c59270c3fd7afecdb556c50c9e8de78 -> 
  custom:audio-decoder-ogg-vorbis: bf7c407c2cedff20999df2af8eb42d56 -> 
========================================================================
Received Prepare
Registering precompiled user dll's ...
Registered in 0.005855 seconds.
Begin MonoManager ReloadAssembly
Symbol file LoadedFromMemory doesn't match image C:\UnityGames\GitControlled\GameProjectL4\Level4GameProject\Library\PackageCache\com.unity.visualscripting@1.8.0\Editor\VisualScripting.Core\Dependencies\YamlDotNet\Unity.VisualScripting.YamlDotNet.dll
Symbol file LoadedFromMemory doesn't match image C:\UnityGames\GitControlled\GameProjectL4\Level4GameProject\Library\PackageCache\com.unity.visualscripting@1.8.0\Editor\VisualScripting.Core\Dependencies\DotNetZip\Unity.VisualScripting.IonicZip.dll
Native extension for WindowsStandalone target not found
Refreshing native plugins compatible for Editor in 0.78 ms, found 4 plugins.
Preloading 0 native plugins for Editor in 0.00 ms.
Mono: successfully reloaded assembly
- Completed reload, in  0.834 seconds
Domain Reload Profiling:
	ReloadAssembly (835ms)
		BeginReloadAssembly (109ms)
			ExecutionOrderSort (0ms)
			DisableScriptedObjects (5ms)
			BackupInstance (0ms)
			ReleaseScriptingObjects (0ms)
			CreateAndSetChildDomain (28ms)
		EndReloadAssembly (647ms)
			LoadAssemblies (79ms)
			RebuildTransferFunctionScriptingTraits (0ms)
			SetupTypeCache (181ms)
			ReleaseScriptCaches (2ms)
			RebuildScriptCaches (37ms)
			SetupLoadedEditorAssemblies (316ms)
				LogAssemblyErrors (0ms)
				InitializePlatformSupportModulesInManaged (4ms)
				SetLoadedEditorAssemblies (0ms)
				RefreshPlugins (1ms)
				BeforeProcessingInitializeOnLoad (67ms)
				ProcessInitializeOnLoadAttributes (172ms)
				ProcessInitializeOnLoadMethodAttributes (66ms)
				AfterProcessingInitializeOnLoad (6ms)
				EditorAssembliesLoaded (0ms)
			ExecutionOrderSort2 (0ms)
			AwakeInstancesAfterBackupRestoration (8ms)
Platform modules already initialized, skipping
Refreshing native plugins compatible for Editor in 2.28 ms, found 4 plugins.
Preloading 0 native plugins for Editor in 0.00 ms.
Unloading 5097 Unused Serialized files (Serialized files now loaded: 0)
Unloading 42 unused Assets / (1.2 MB). Loaded Objects now: 5689.
Memory consumption went from 203.2 MB to 202.0 MB.
Total: 3.522000 ms (FindLiveObjects: 0.314400 ms CreateObjectMapping: 0.111300 ms MarkObjects: 2.627900 ms  DeleteObjects: 0.467700 ms)

AssetImportParameters requested are different than current active one (requested -> active):
  custom:video-decoder-ogg-theora: a1e56fd34408186e4bbccfd4996cb3dc -> 
  custom:container-muxer-webm: aa71ff27fc2769a1b78a27578f13a17b -> 
  custom:container-demuxer-webm: 4f35f7cbe854078d1ac9338744f61a02 -> 
  custom:video-encoder-webm-vp8: eb34c28f22e8b96e1ab97ce403110664 -> 
  custom:audio-encoder-webm-vorbis: bf7c407c2cedff20999df2af8eb42d56 -> 
  custom:framework-win-MediaFoundation: 216162199b28c13a410421893ffa2e32 -> 
  custom:container-demuxer-ogg: 62fdf1f143b41e24485cea50d1cbac27 -> 
  custom:video-decoder-webm-vp8: 9c59270c3fd7afecdb556c50c9e8de78 -> 
  custom:audio-decoder-ogg-vorbis: bf7c407c2cedff20999df2af8eb42d56 -> 
========================================================================
Received Import Request.
  Time since last request: 484.814757 seconds.
  path: Assets/Tilemaps/Tracks.prefab
  artifactKey: Guid(0809313749e05184786c4be0c594723d) Importer(815301076,1909f56bfc062723c751e8b465ee728b)
Start importing Assets/Tilemaps/Tracks.prefab using Guid(0809313749e05184786c4be0c594723d) Importer(815301076,1909f56bfc062723c751e8b465ee728b)  -> (artifact id: 'c3ba809f3972008310bd83b06579685a') in 0.138935 seconds 
========================================================================
Received Import Request.
  Time since last request: 0.845394 seconds.
  path: Assets/Tilemaps/Track Tiles/asset_sheet1_100.asset
  artifactKey: Guid(b317ee21c1d201641b23149df3125222) Importer(815301076,1909f56bfc062723c751e8b465ee728b)
Start importing Assets/Tilemaps/Track Tiles/asset_sheet1_100.asset using Guid(b317ee21c1d201641b23149df3125222) Importer(815301076,1909f56bfc062723c751e8b465ee728b)  -> (artifact id: 'd522c08a9f54d13f20e73b999a9d8318') in 0.014347 seconds 
========================================================================
Received Import Request.
  Time since last request: 0.000022 seconds.
  path: Assets/Tilemaps/Track Tiles/asset_sheet1_103.asset
  artifactKey: Guid(27b39424bd4f9b148aefe0028ee2910c) Importer(815301076,1909f56bfc062723c751e8b465ee728b)
Start importing Assets/Tilemaps/Track Tiles/asset_sheet1_103.asset using Guid(27b39424bd4f9b148aefe0028ee2910c) Importer(815301076,1909f56bfc062723c751e8b465ee728b)  -> (artifact id: 'b217745eb984fedb376df20b588adea3') in 0.009721 seconds 
========================================================================
Received Import Request.
  Time since last request: 0.000015 seconds.
  path: Assets/Tilemaps/Track Tiles/asset_sheet1_109.asset
  artifactKey: Guid(1fad2ece8ceb284459447e73e9a7a886) Importer(815301076,1909f56bfc062723c751e8b465ee728b)
Start importing Assets/Tilemaps/Track Tiles/asset_sheet1_109.asset using Guid(1fad2ece8ceb284459447e73e9a7a886) Importer(815301076,1909f56bfc062723c751e8b465ee728b)  -> (artifact id: 'f4f1924293b7a900100a251c14c399d2') in 0.008968 seconds 
========================================================================
Received Import Request.
  Time since last request: 0.000017 seconds.
  path: Assets/Tilemaps/Track Tiles/asset_sheet1_110.asset
  artifactKey: Guid(9870d1ca17bd0d64eadea9b4d50ccc6d) Importer(815301076,1909f56bfc062723c751e8b465ee728b)
Start importing Assets/Tilemaps/Track Tiles/asset_sheet1_110.asset using Guid(9870d1ca17bd0d64eadea9b4d50ccc6d) Importer(815301076,1909f56bfc062723c751e8b465ee728b)  -> (artifact id: '356957f1bb4da28ccce17fcd10c3711f') in 0.007551 seconds 
========================================================================
Received Import Request.
  Time since last request: 0.000015 seconds.
  path: Assets/Tilemaps/Track Tiles/asset_sheet1_111.asset
  artifactKey: Guid(b1d77fd629879274cb163e165bff1d32) Importer(815301076,1909f56bfc062723c751e8b465ee728b)
Start importing Assets/Tilemaps/Track Tiles/asset_sheet1_111.asset using Guid(b1d77fd629879274cb163e165bff1d32) Importer(815301076,1909f56bfc062723c751e8b465ee728b)  -> (artifact id: '7fb8befdd72bb6edeffd88baf778052c') in 0.007322 seconds 
========================================================================
Received Import Request.
  Time since last request: 0.000018 seconds.
  path: Assets/Tilemaps/Track Tiles/asset_sheet1_107.asset
  artifactKey: Guid(a21bdfe8b59bcf74b861afade2d7e2f8) Importer(815301076,1909f56bfc062723c751e8b465ee728b)
Start importing Assets/Tilemaps/Track Tiles/asset_sheet1_107.asset using Guid(a21bdfe8b59bcf74b861afade2d7e2f8) Importer(815301076,1909f56bfc062723c751e8b465ee728b)  -> (artifact id: 'ee4284018faaa31d4a6e7cb3f5df0606') in 0.008486 seconds 
========================================================================
Received Import Request.
  Time since last request: 0.000018 seconds.
  path: Assets/Tilemaps/Track Tiles/asset_sheet1_108.asset
  artifactKey: Guid(38b3106ed222be74488baeae13502136) Importer(815301076,1909f56bfc062723c751e8b465ee728b)
Start importing Assets/Tilemaps/Track Tiles/asset_sheet1_108.asset using Guid(38b3106ed222be74488baeae13502136) Importer(815301076,1909f56bfc062723c751e8b465ee728b)  -> (artifact id: '65f36ac45b63bc95cdb0233b0a47b213') in 0.007639 seconds 
========================================================================
Received Import Request.
  Time since last request: 0.000014 seconds.
  path: Assets/Tilemaps/Track Tiles/asset_sheet1_102.asset
  artifactKey: Guid(2c13316bfdfc3d440af4c8b3ec3defbe) Importer(815301076,1909f56bfc062723c751e8b465ee728b)
Start importing Assets/Tilemaps/Track Tiles/asset_sheet1_102.asset using Guid(2c13316bfdfc3d440af4c8b3ec3defbe) Importer(815301076,1909f56bfc062723c751e8b465ee728b)  -> (artifact id: '386f26a1af9e717c1fa56263da2625d0') in 0.007313 seconds 
Editor requested this worker to shutdown with reason: Scaling down because of idle timeout
AssetImportWorker is now disconnected from the server
Process exiting
Exiting without the bug reporter. Application will terminate with return code 0